2025-02-20T20:28:45 | touched: src/lib.rs
2025-02-18T11:21:54 | touched: src/main.rs
2025-08-02T21:28:11 | touched: Cargo.toml
2025-03-07T10:17:35 | touched: LICENSE
2025-02-25T08:18:22 | touched: LICENSE
2025-01-26T06:30:30 | touched: Cargo.toml
2025-05-14T23:51:05 | touched: Cargo.toml
2025-02-21T13:00:19 | touched: Cargo.toml
2025-09-13T14:32:19 | touched: Cargo.toml
2025-03-06T21:27:40 | touched: README.md
2025-01-15T06:14:06 | touched: src/main.rs
2025-05-18T09:05:36 | touched: README.md
2025-05-12T19:28:54 | touched: LICENSE
2025-09-27T22:59:24 | touched: Cargo.toml
2025-09-20T01:09:25 | touched: LICENSE
2025-10-19T18:24:26 | touched: README.md
2025-11-24T11:24:36 | touched: src/main.rs
2025-08-12T23:13:55 | touched: src/main.rs
2025-10-09T13:59:29 | touched: src/main.rs
2025-03-22T17:44:02 | touched: Cargo.toml
2025-03-21T03:41:58 | touched: src/lib.rs
2025-06-04T00:23:08 | touched: LICENSE
2025-07-28T02:35:43 | touched: Cargo.toml
2025-12-13T18:54:36 | touched: LICENSE
2025-02-11T22:30:23 | touched: src/lib.rs
2025-12-07T11:16:32 | touched: src/lib.rs
2025-08-25T22:54:59 | touched: src/lib.rs
2025-06-17T23:17:08 | touched: src/lib.rs
2025-04-05T22:15:20 | touched: Cargo.toml
2025-08-28T04:33:18 | touched: README.md
2025-01-19T06:56:04 | touched: README.md
2025-10-16T10:43:03 | touched: README.md
2025-04-16T07:07:55 | touched: Cargo.toml
2025-07-16T10:00:01 | touched: src/lib.rs
2025-10-21T06:37:59 | touched: LICENSE
2025-10-12T11:54:59 | touched: Cargo.toml
2025-09-24T22:00:09 | touched: src/main.rs
2025-02-23T13:51:00 | touched: LICENSE
2025-12-26T01:23:16 | touched: src/main.rs
2025-12-26T13:14:15 | touched: src/lib.rs
2025-09-14T15:02:26 | touched: LICENSE
2025-01-01T15:05:52 | touched: src/main.rs
2025-11-23T05:34:46 | touched: README.md
2025-01-23T20:47:44 | touched: src/lib.rs
2025-11-16T12:06:31 | touched: Cargo.toml
2025-06-03T13:34:48 | touched: LICENSE
2025-06-22T02:12:41 | touched: LICENSE
2026-01-08T19:51:11 | touched: src/lib.rs
2026-01-02T20:00:08 | touched: LICENSE
2026-01-19T04:15:46 | touched: LICENSE
2026-01-14T22:30:57 | touched: Cargo.toml
2026-01-12T13:06:38 | touched: src/main.rs
2026-01-07T15:16:29 | touched: src/main.rs
2026-01-02T07:50:06 | touched: src/main.rs
2026-01-04T03:48:22 | touched: Cargo.toml
2026-01-14T07:57:19 | touched: LICENSE
2026-01-12T16:43:12 | touched: README.md
2025-06-08T13:00:21 | touched: LICENSE
2026-01-14T01:53:03 | touched: Cargo.toml
2026-01-09T20:55:05 | touched: README.md
2025-05-08T20:09:03 | touched: Cargo.toml
2025-10-04T05:19:35 | touched: src/main.rs
2025-04-26T10:34:08 | touched: src/lib.rs
2025-04-03T15:10:57 | touched: src/lib.rs
2026-01-03T00:59:43 | touched: README.md
2025-01-07T19:15:03 | touched: README.md
2025-08-10T18:32:05 | touched: src/lib.rs
2025-03-01T17:26:07 | touched: src/main.rs
